<?xml version="1.0" encoding="UTF-8" ?>
<testsuite tests="14" failures="0" name="edu.pdx.cs410J.kamakshi.StudentTest" time="0" errors="0" skipped="0">
  <properties>
[...]
</properties>
  <testcase classname="edu.pdx.cs410J.kamakshi.StudentTest" name="uppercaseMaleStudentPrintsDescriptionToStandardOutput" time="0"/>
  <testcase classname="edu.pdx.cs410J.kamakshi.StudentTest" name="oneClassPrintDescriptionToStandardOutput" time="0"/>
  <testcase classname="edu.pdx.cs410J.kamakshi.StudentTest" name="noClassesPrintsDescriptionOfStudentWithADifferentName" time="0"/>
  <testcase classname="edu.pdx.cs410J.kamakshi.StudentTest" name="oneClassPrintsNothingToStandardErrorAndExitsWithZero" time="0"/>
  <testcase classname="edu.pdx.cs410J.kamakshi.StudentTest" name="uppercaseFemaleStudentPrintsDescriptionToStandardOutput" time="0"/>
  <testcase classname="edu.pdx.cs410J.kamakshi.StudentTest" name="exampleCommandLineFromAssignmentPrintsTheRightThing" time="0"/>
  <testcase classname="edu.pdx.cs410J.kamakshi.StudentTest" name="noClassesPrintsDescriptionOfStudent" time="0"/>
  <testcase classname="edu.pdx.cs410J.kamakshi.StudentTest" name="negativeGpaPrintsInvalidGpaToStandardError" time="0"/>
  <testcase classname="edu.pdx.cs410J.kamakshi.StudentTest" name="invalidGenderPrintsInvalidGenderToStandardError" time="0"/>
  <testcase classname="edu.pdx.cs410J.kamakshi.StudentTest" name="missingClassesPrintsNothingToStandardErrorAndExitsZero" time="0"/>
  <testcase classname="edu.pdx.cs410J.kamakshi.StudentTest" name="noArgumentsPrintsMissingArgumentsToStandardError" time="0"/>
  <testcase classname="edu.pdx.cs410J.kamakshi.StudentTest" name="femaleStudentPrintsDescriptionToStandardOutput" time="0"/>
  <testcase classname="edu.pdx.cs410J.kamakshi.StudentTest" name="missingGenderPrintsMissingGenderToStandardError" time="0"/>
  <testcase classname="edu.pdx.cs410J.kamakshi.StudentTest" name="missingGpaPrintsMissingGpaToStandardError" time="0"/>
</testsuite>